2025-04-09 16:21:00 | DEBUG | repo=richrates | action=commit
2025-04-16 20:06:00 | DEBUG | repo=richrates | action=test | passed=true
2025-10-01 13:14:00 | WARN | repo=richrates | action=commit
2025-08-12 11:40:00 | DEBUG | repo=richrates | action=commit
2025-12-06 10:43:00 | INFO | repo=richrates | action=commit
2025-03-25 10:48:00 | WARN | repo=richrates | action=commit
2025-07-18 16:30:00 | INFO | repo=richrates | action=commit
2025-10-19 19:53:00 | WARN | repo=richrates | action=pull
2025-08-20 16:44:00 | INFO | repo=richrates | action=pull
2025-12-19 12:46:00 | WARN | repo=richrates | action=commit
2025-02-10 07:04:00 | DEBUG | repo=richrates | action=commit
2025-07-19 07:30:00 | INFO | repo=richrates | action=commit
2025-04-03 18:24:00 | DEBUG | repo=richrates | action=commit
2025-07-12 14:37:00 | DEBUG | repo=richrates | action=edit | files=5
2025-05-09 15:02:00 | INFO | repo=richrates | action=test | passed=true
2025-02-10 09:19:00 | INFO | repo=richrates | action=commit
2025-03-08 15:50:00 | WARN | repo=richrates | action=commit
2025-10-12 07:36:00 | DEBUG | repo=richrates | action=pull
2025-02-04 21:21:00 | INFO | repo=richrates | action=commit
2025-08-23 08:08:00 | DEBUG | repo=richrates | action=edit | files=1
2025-02-13 16:41:00 | WARN | repo=richrates | action=commit
2025-07-12 17:03:00 | WARN | repo=richrates | action=commit
2025-12-06 14:44:00 | DEBUG | repo=richrates | action=commit
2025-04-12 17:41:00 | WARN | repo=richrates | action=test | passed=true
2025-10-23 08:43:00 | WARN | repo=richrates | action=commit
2025-02-02 09:01:00 | DEBUG | repo=richrates | action=commit
2025-02-01 09:44:00 | WARN | repo=richrates | action=commit
2025-10-20 16:50:00 | DEBUG | repo=richrates | action=commit
2025-05-11 08:26:00 | DEBUG | repo=richrates | action=commit
2025-11-13 17:22:00 | WARN | repo=richrates | action=test | passed=true
2025-04-22 15:11:00 | WARN | repo=richrates | action=commit
2025-11-17 09:52:00 | WARN | repo=richrates | action=commit
2025-01-10 07:52:00 | DEBUG | repo=richrates | action=commit
2025-08-14 15:47:00 | INFO | repo=richrates | action=commit
2025-01-21 15:54:00 | INFO | repo=richrates | action=test | passed=true
2025-06-12 20:26:00 | DEBUG | repo=richrates | action=commit
2025-07-28 19:20:00 | WARN | repo=richrates | action=commit
2025-06-07 11:19:00 | INFO | repo=richrates | action=test | passed=true
2025-09-09 07:29:00 | DEBUG | repo=richrates | action=commit
2025-04-26 13:53:00 | INFO | repo=richrates | action=commit
2025-05-27 14:29:00 | WARN | repo=richrates | action=commit
2025-04-01 10:46:00 | DEBUG | repo=richrates | action=commit
2025-06-04 10:13:00 | DEBUG | repo=richrates | action=commit
2025-09-21 09:50:00 | WARN | repo=richrates | action=commit
2025-06-10 13:54:00 | DEBUG | repo=richrates | action=pull
2025-10-10 20:47:00 | WARN | repo=richrates | action=commit
2025-08-14 21:47:00 | WARN | repo=richrates | action=commit
2025-02-06 21:41:00 | DEBUG | repo=richrates | action=edit | files=2
2025-12-07 09:49:00 | WARN | repo=richrates | action=commit
2025-05-19 18:47:00 | DEBUG | repo=richrates | action=commit
2025-07-28 10:08:00 | WARN | repo=richrates | action=commit
2025-02-23 15:55:00 | WARN | repo=richrates | action=edit | files=4
2025-07-25 10:35:00 | DEBUG | repo=richrates | action=pull
2025-11-19 16:08:00 | WARN | repo=richrates | action=pull
2025-08-22 08:20:00 | DEBUG | repo=richrates | action=commit
2025-08-06 21:27:00 | INFO | repo=richrates | action=commit
2025-11-13 11:25:00 | WARN | repo=richrates | action=commit
2025-10-21 13:05:00 | WARN | repo=richrates | action=commit
2025-12-22 15:53:00 | DEBUG | repo=richrates | action=commit
2025-02-11 19:02:00 | INFO | repo=richrates | action=commit
2025-11-11 14:13:00 | INFO | repo=richrates | action=commit
2025-05-03 08:57:00 | WARN | repo=richrates | action=pull
2025-06-12 18:51:00 | WARN | repo=richrates | action=commit
2025-07-04 07:22:00 | WARN | repo=richrates | action=test | passed=true
2025-02-19 07:01:00 | INFO | repo=richrates | action=test | passed=true
2025-01-15 15:16:00 | DEBUG | repo=richrates | action=pull
2025-09-22 07:03:00 | DEBUG | repo=richrates | action=commit
2025-12-14 12:58:00 | DEBUG | repo=richrates | action=commit
2025-06-10 20:18:00 | WARN | repo=richrates | action=commit
2025-08-03 09:52:00 | DEBUG | repo=richrates | action=edit | files=2
2025-03-24 13:44:00 | INFO | repo=richrates | action=commit
2025-02-17 19:58:00 | WARN | repo=richrates | action=commit
2025-01-28 09:07:00 | DEBUG | repo=richrates | action=commit
2025-07-04 16:48:00 | INFO | repo=richrates | action=commit
2025-09-19 19:35:00 | WARN | repo=richrates | action=commit
2025-02-26 21:31:00 | WARN | repo=richrates | action=commit
